<?xml version="1.0" encoding="utf-8"?><testsuites name="pytest tests"><testsuite name="pytest" errors="0" failures="0" skipped="0" tests="27" time="20.419" timestamp="2026-03-13T10:00:03.775024+00:00" hostname="agent-env-c76017e6-b13f-4468-adda-fba5a12199bd"><testcase classname="backend.tests.test_comprehensive.TestHealth" name="test_health_endpoint" time="0.942" /><testcase classname="backend.tests.test_comprehensive.TestHealth" name="test_api_root" time="0.137" /><testcase classname="backend.tests.test_comprehensive.TestAuthentication" name="test_admin_login_success" time="0.508" /><testcase classname="backend.tests.test_comprehensive.TestAuthentication" name="test_login_invalid_credentials" time="0.469" /><testcase classname="backend.tests.test_comprehensive.TestAuthentication" name="test_auth_me_without_token" time="0.113" /><testcase classname="backend.tests.test_comprehensive.TestAuthentication" name="test_auth_me_with_valid_token" time="0.787" /><testcase classname="backend.tests.test_comprehensive.TestProfileUpdate" name="test_profile_update_first_name" time="1.062" /><testcase classname="backend.tests.test_comprehensive.TestProfileUpdate" name="test_profile_update_last_name" time="1.366" /><testcase classname="backend.tests.test_comprehensive.TestProfileUpdate" name="test_profile_update_phone" time="1.089" /><testcase classname="backend.tests.test_comprehensive.TestProfileUpdate" name="test_profile_update_multiple_fields" time="1.024" /><testcase classname="backend.tests.test_comprehensive.TestProfileUpdate" name="test_profile_update_without_auth" time="0.140" /><testcase classname="backend.tests.test_comprehensive.TestCompetitions" name="test_get_competitions" time="0.222" /><testcase classname="backend.tests.test_comprehensive.TestCompetitions" name="test_competition_has_required_fields" time="0.215" /><testcase classname="backend.tests.test_comprehensive.TestCompetitions" name="test_get_competition_by_id" time="0.443" /><testcase classname="backend.tests.test_comprehensive.TestCompetitions" name="test_competition_instant_prizes_field" time="0.222" /><testcase classname="backend.tests.test_comprehensive.TestAdminEndpoints" name="test_admin_stats" time="1.262" /><testcase classname="backend.tests.test_comprehensive.TestAdminEndpoints" name="test_admin_analytics" time="2.200" /><testcase classname="backend.tests.test_comprehensive.TestAdminEndpoints" name="test_admin_users" time="0.901" /><testcase classname="backend.tests.test_comprehensive.TestAdminEndpoints" name="test_admin_tickets" time="1.156" /><testcase classname="backend.tests.test_comprehensive.TestAdminEndpoints" name="test_admin_without_auth" time="0.109" /><testcase classname="backend.tests.test_comprehensive.TestAdminCompetitionCRUD" name="test_create_competition_with_instant_prizes" time="4.063" /><testcase classname="backend.tests.test_comprehensive.TestChat" name="test_chat_faq_endpoint" time="0.123" /><testcase classname="backend.tests.test_comprehensive.TestChat" name="test_chat_history_requires_auth" time="0.113" /><testcase classname="backend.tests.test_comprehensive.TestChat" name="test_admin_chat_messages" time="1.016" /><testcase classname="backend.tests.test_comprehensive.TestWinners" name="test_get_winners" time="0.216" /><testcase classname="backend.tests.test_comprehensive.TestSettingsAndLiveStatus" name="test_tiktok_live_status" time="0.216" /><testcase classname="backend.tests.test_comprehensive.TestPasswordReset" name="test_password_reset_request" time="0.216" /></testsuite></testsuites>