<?xml version="1.0" encoding="utf-8"?><testsuites name="pytest tests"><testsuite name="pytest" errors="0" failures="0" skipped="0" tests="34" time="16.711" timestamp="2026-03-21T22:27:53.240522+00:00" hostname="agent-env-0b589255-2334-4ab5-b3b7-784e4b80e8b7"><testcase classname="backend.tests.test_full_site_audit.TestPublicEndpoints" name="test_get_stats" time="0.494" /><testcase classname="backend.tests.test_full_site_audit.TestPublicEndpoints" name="test_get_active_competitions" time="0.365" /><testcase classname="backend.tests.test_full_site_audit.TestPublicEndpoints" name="test_get_all_competitions" time="0.227" /><testcase classname="backend.tests.test_full_site_audit.TestPublicEndpoints" name="test_get_winners" time="0.224" /><testcase classname="backend.tests.test_full_site_audit.TestPublicEndpoints" name="test_get_reviews" time="0.225" /><testcase classname="backend.tests.test_full_site_audit.TestPublicEndpoints" name="test_get_wheel_prizes" time="0.099" /><testcase classname="backend.tests.test_full_site_audit.TestPublicEndpoints" name="test_get_activity_recent" time="0.114" /><testcase classname="backend.tests.test_full_site_audit.TestPublicEndpoints" name="test_get_referral_leaderboard" time="0.212" /><testcase classname="backend.tests.test_full_site_audit.TestAuthentication" name="test_login_success" time="0.466" /><testcase classname="backend.tests.test_full_site_audit.TestAuthentication" name="test_get_current_user" time="0.237" /><testcase classname="backend.tests.test_full_site_audit.TestAuthentication" name="test_login_invalid_credentials" time="0.230" /><testcase classname="backend.tests.test_full_site_audit.TestUserDashboard" name="test_get_my_tickets" time="2.223" /><testcase classname="backend.tests.test_full_site_audit.TestUserDashboard" name="test_get_wallet_balance" time="0.236" /><testcase classname="backend.tests.test_full_site_audit.TestUserDashboard" name="test_get_wallet_transactions" time="0.443" /><testcase classname="backend.tests.test_full_site_audit.TestUserDashboard" name="test_get_loyalty_info" time="0.234" /><testcase classname="backend.tests.test_full_site_audit.TestUserDashboard" name="test_get_user_badges" time="0.225" /><testcase classname="backend.tests.test_full_site_audit.TestUserDashboard" name="test_get_user_notifications" time="0.325" /><testcase classname="backend.tests.test_full_site_audit.TestUserDashboard" name="test_get_referral_info" time="0.680" /><testcase classname="backend.tests.test_full_site_audit.TestUserDashboard" name="test_get_wheel_status" time="0.332" /><testcase classname="backend.tests.test_full_site_audit.TestUserDashboard" name="test_get_my_discounts" time="0.325" /><testcase classname="backend.tests.test_full_site_audit.TestCompetitionDetail" name="test_get_competition_detail" time="0.435" /><testcase classname="backend.tests.test_full_site_audit.TestCompetitionDetail" name="test_get_competition_tickets" time="0.262" /><testcase classname="backend.tests.test_full_site_audit.TestWalletAndPayments" name="test_wallet_deposit_viva" time="1.722" /><testcase classname="backend.tests.test_full_site_audit.TestWalletAndPayments" name="test_ticket_purchase_viva" time="1.492" /><testcase classname="backend.tests.test_full_site_audit.TestAdminPanel" name="test_admin_stats" time="1.128" /><testcase classname="backend.tests.test_full_site_audit.TestAdminPanel" name="test_admin_analytics" time="0.332" /><testcase classname="backend.tests.test_full_site_audit.TestAdminPanel" name="test_admin_users_list" time="0.336" /><testcase classname="backend.tests.test_full_site_audit.TestAdminPanel" name="test_admin_tickets_list" time="0.560" /><testcase classname="backend.tests.test_full_site_audit.TestAdminPanel" name="test_admin_notifications" time="0.803" /><testcase classname="backend.tests.test_full_site_audit.TestAdminPanel" name="test_admin_pending_reviews" time="0.325" /><testcase classname="backend.tests.test_full_site_audit.TestAdminPanel" name="test_admin_wallet_stats" time="0.702" /><testcase classname="backend.tests.test_full_site_audit.TestAdminPanel" name="test_admin_subscriptions" time="0.380" /><testcase classname="backend.tests.test_full_site_audit.TestSubscriptions" name="test_get_subscription_plans" time="0.099" /><testcase classname="backend.tests.test_full_site_audit.TestPushNotifications" name="test_get_vapid_key" time="0.110" /></testsuite></testsuites>