<?xml version="1.0" encoding="utf-8"?><testsuites name="pytest tests"><testsuite name="pytest" errors="0" failures="0" skipped="0" tests="11" time="5.430" timestamp="2026-03-13T09:03:01.693240+00:00" hostname="agent-env-c76017e6-b13f-4468-adda-fba5a12199bd"><testcase classname="backend.tests.test_new_features.TestChatFAQ" name="test_get_faq_list_success" time="2.282" /><testcase classname="backend.tests.test_new_features.TestChatFAQ" name="test_faq_contains_expected_topics" time="0.054" /><testcase classname="backend.tests.test_new_features.TestChatHistory" name="test_chat_history_requires_auth" time="0.058" /><testcase classname="backend.tests.test_new_features.TestChatHistory" name="test_chat_history_with_auth" time="1.141" /><testcase classname="backend.tests.test_new_features.TestChatMessage" name="test_chat_message_requires_auth" time="0.050" /><testcase classname="backend.tests.test_new_features.TestChatMessage" name="test_chat_message_with_auth" time="0.607" /><testcase classname="backend.tests.test_new_features.TestAdminChatMessages" name="test_admin_chat_messages_requires_auth" time="0.050" /><testcase classname="backend.tests.test_new_features.TestAdminChatMessages" name="test_admin_chat_messages_with_admin_auth" time="0.950" /><testcase classname="backend.tests.test_new_features.TestGoogleAnalytics" name="test_index_html_has_gtag_script" time="0.064" /><testcase classname="backend.tests.test_new_features.TestPrivacyPolicy" name="test_privacy_page_loads" time="0.054" /><testcase classname="backend.tests.test_new_features.TestFooterLinks" name="test_homepage_loads_with_footer" time="0.058" /></testsuite></testsuites>