<?xml version="1.0" encoding="utf-8"?><testsuites name="pytest tests"><testsuite name="pytest" errors="0" failures="0" skipped="0" tests="15" time="11.244" timestamp="2026-03-20T22:49:01.297422+00:00" hostname="agent-env-0b589255-2334-4ab5-b3b7-784e4b80e8b7"><testcase classname="backend.tests.test_referral_system.TestReferralMyEndpoint" name="test_get_my_referral_authenticated" time="2.790" /><testcase classname="backend.tests.test_referral_system.TestReferralMyEndpoint" name="test_get_my_referral_unauthenticated" time="0.160" /><testcase classname="backend.tests.test_referral_system.TestReferralMyEndpoint" name="test_new_user_has_referral_code" time="1.125" /><testcase classname="backend.tests.test_referral_system.TestReferralCustomizeEndpoint" name="test_customize_code_success" time="0.553" /><testcase classname="backend.tests.test_referral_system.TestReferralCustomizeEndpoint" name="test_customize_code_too_short" time="0.344" /><testcase classname="backend.tests.test_referral_system.TestReferralCustomizeEndpoint" name="test_customize_code_too_long" time="0.335" /><testcase classname="backend.tests.test_referral_system.TestReferralCustomizeEndpoint" name="test_customize_code_special_chars" time="0.359" /><testcase classname="backend.tests.test_referral_system.TestReferralCustomizeEndpoint" name="test_customize_code_unauthenticated" time="0.120" /><testcase classname="backend.tests.test_referral_system.TestReferralLeaderboard" name="test_leaderboard_public_access" time="0.302" /><testcase classname="backend.tests.test_referral_system.TestReferralLeaderboard" name="test_leaderboard_structure" time="0.219" /><testcase classname="backend.tests.test_referral_system.TestReferralRegistration" name="test_register_with_referral_code" time="2.289" /><testcase classname="backend.tests.test_referral_system.TestReferralRegistration" name="test_register_with_invalid_referral_code" time="0.759" /><testcase classname="backend.tests.test_referral_system.TestReferralRegistration" name="test_self_referral_not_allowed" time="0.557" /><testcase classname="backend.tests.test_referral_system.TestAdminReferralStats" name="test_admin_referral_stats" time="0.892" /><testcase classname="backend.tests.test_referral_system.TestAdminReferralStats" name="test_admin_referral_stats_non_admin" time="0.372" /></testsuite></testsuites>