<?xml version="1.0" encoding="utf-8"?><testsuites name="pytest tests"><testsuite name="pytest" errors="0" failures="0" skipped="0" tests="12" time="10.715" timestamp="2026-03-01T13:19:29.901543+00:00" hostname="agent-env-ae3dae17-7f30-4ab1-b14a-afaa1dc769cb"><testcase classname="backend.tests.test_qualification_question.TestQualificationQuestionFeature" name="test_admin_create_competition_with_qualification_question" time="1.550" /><testcase classname="backend.tests.test_qualification_question.TestQualificationQuestionFeature" name="test_admin_create_competition_auto_generates_question" time="0.939" /><testcase classname="backend.tests.test_qualification_question.TestQualificationQuestionFeature" name="test_user_can_view_qualification_question" time="0.668" /><testcase classname="backend.tests.test_qualification_question.TestQualificationQuestionFeature" name="test_user_can_view_postal_entry" time="0.222" /><testcase classname="backend.tests.test_qualification_question.TestQualificationQuestionFeature" name="test_wallet_purchase_fails_without_answer" time="1.004" /><testcase classname="backend.tests.test_qualification_question.TestQualificationQuestionFeature" name="test_wallet_purchase_fails_with_incorrect_answer" time="1.246" /><testcase classname="backend.tests.test_qualification_question.TestQualificationQuestionFeature" name="test_wallet_purchase_succeeds_with_correct_answer" time="1.835" /><testcase classname="backend.tests.test_qualification_question.TestQualificationQuestionFeature" name="test_viva_purchase_fails_without_answer" time="0.470" /><testcase classname="backend.tests.test_qualification_question.TestQualificationQuestionFeature" name="test_viva_purchase_fails_with_incorrect_answer" time="0.445" /><testcase classname="backend.tests.test_qualification_question.TestQualificationQuestionFeature" name="test_viva_purchase_succeeds_with_correct_answer" time="1.528" /><testcase classname="backend.tests.test_qualification_question.TestQualificationQuestionFeature" name="test_cleanup_test_competition" time="0.451" /><testcase classname="backend.tests.test_qualification_question.TestExistingCompetitionsWithoutQuestion" name="test_purchase_works_without_qualification_question" time="0.236" /></testsuite></testsuites>