<?xml version="1.0" encoding="utf-8"?><testsuites name="pytest tests"><testsuite name="pytest" errors="0" failures="0" skipped="0" tests="15" time="11.838" timestamp="2026-03-20T21:47:55.910679+00:00" hostname="agent-env-bc14ce82-a6c2-4546-98e0-d37424955b23"><testcase classname="backend.tests.test_subscription_system.TestSubscriptionPlans" name="test_get_subscription_plans" time="2.101" /><testcase classname="backend.tests.test_subscription_system.TestUserSubscription" name="test_get_my_subscription_no_active" time="0.949" /><testcase classname="backend.tests.test_subscription_system.TestUserSubscription" name="test_get_my_subscription_tickets" time="0.898" /><testcase classname="backend.tests.test_subscription_system.TestUserSubscription" name="test_purchase_subscription_wallet_insufficient_balance" time="1.255" /><testcase classname="backend.tests.test_subscription_system.TestUserSubscription" name="test_purchase_subscription_viva_returns_checkout_url" time="2.021" /><testcase classname="backend.tests.test_subscription_system.TestUserSubscription" name="test_cancel_subscription_no_active" time="0.905" /><testcase classname="backend.tests.test_subscription_system.TestAdminSubscription" name="test_admin_get_all_subscriptions" time="0.926" /><testcase classname="backend.tests.test_subscription_system.TestAdminSubscription" name="test_admin_get_subscription_stats" time="1.249" /><testcase classname="backend.tests.test_subscription_system.TestSubscriptionPurchaseInvalidPlan" name="test_purchase_invalid_plan" time="0.792" /><testcase classname="backend.tests.test_subscription_system.TestSubscriptionUnauthorized" name="test_my_subscription_unauthorized" time="0.116" /><testcase classname="backend.tests.test_subscription_system.TestSubscriptionUnauthorized" name="test_my_tickets_unauthorized" time="0.114" /><testcase classname="backend.tests.test_subscription_system.TestSubscriptionUnauthorized" name="test_purchase_unauthorized" time="0.103" /><testcase classname="backend.tests.test_subscription_system.TestSubscriptionUnauthorized" name="test_cancel_unauthorized" time="0.096" /><testcase classname="backend.tests.test_subscription_system.TestSubscriptionUnauthorized" name="test_admin_subscriptions_unauthorized" time="0.104" /><testcase classname="backend.tests.test_subscription_system.TestSubscriptionUnauthorized" name="test_admin_stats_unauthorized" time="0.140" /></testsuite></testsuites>