<?xml version="1.0" encoding="utf-8"?><testsuites name="pytest tests"><testsuite name="pytest" errors="0" failures="0" skipped="0" tests="22" time="5.898" timestamp="2026-03-21T18:37:36.913660+00:00" hostname="agent-env-0b589255-2334-4ab5-b3b7-784e4b80e8b7"><testcase classname="backend.tests.test_engagement_features.TestLoyaltyPoints" name="test_get_loyalty_info_requires_auth" time="1.037" /><testcase classname="backend.tests.test_engagement_features.TestLoyaltyPoints" name="test_get_loyalty_info_authenticated" time="1.180" /><testcase classname="backend.tests.test_engagement_features.TestLoyaltyPoints" name="test_redeem_loyalty_points_requires_auth" time="0.050" /><testcase classname="backend.tests.test_engagement_features.TestLoyaltyPoints" name="test_redeem_loyalty_points_insufficient" time="0.315" /><testcase classname="backend.tests.test_engagement_features.TestLoyaltyPoints" name="test_redeem_loyalty_points_invalid_amount" time="0.159" /><testcase classname="backend.tests.test_engagement_features.TestUserNotifications" name="test_get_notifications_requires_auth" time="0.048" /><testcase classname="backend.tests.test_engagement_features.TestUserNotifications" name="test_get_notifications_authenticated" time="0.270" /><testcase classname="backend.tests.test_engagement_features.TestUserNotifications" name="test_mark_all_notifications_read_requires_auth" time="0.051" /><testcase classname="backend.tests.test_engagement_features.TestUserNotifications" name="test_mark_all_notifications_read" time="0.566" /><testcase classname="backend.tests.test_engagement_features.TestReviews" name="test_get_public_reviews" time="0.160" /><testcase classname="backend.tests.test_engagement_features.TestReviews" name="test_get_pending_reviews_requires_admin" time="0.045" /><testcase classname="backend.tests.test_engagement_features.TestReviews" name="test_get_pending_reviews_admin" time="0.271" /><testcase classname="backend.tests.test_engagement_features.TestReviews" name="test_approve_review_requires_admin" time="0.047" /><testcase classname="backend.tests.test_engagement_features.TestWheelOfFortune" name="test_get_wheel_prizes_public" time="0.049" /><testcase classname="backend.tests.test_engagement_features.TestWheelOfFortune" name="test_get_wheel_status_requires_auth" time="0.048" /><testcase classname="backend.tests.test_engagement_features.TestWheelOfFortune" name="test_get_wheel_status_authenticated" time="0.274" /><testcase classname="backend.tests.test_engagement_features.TestWheelOfFortune" name="test_spin_wheel_requires_auth" time="0.049" /><testcase classname="backend.tests.test_engagement_features.TestWheelOfFortune" name="test_spin_wheel_once_per_user" time="0.540" /><testcase classname="backend.tests.test_engagement_features.TestExitIntentDiscount" name="test_claim_exit_discount_requires_auth" time="0.047" /><testcase classname="backend.tests.test_engagement_features.TestExitIntentDiscount" name="test_claim_exit_discount_once_per_user" time="0.273" /><testcase classname="backend.tests.test_engagement_features.TestExitIntentDiscount" name="test_get_my_discounts_requires_auth" time="0.045" /><testcase classname="backend.tests.test_engagement_features.TestExitIntentDiscount" name="test_get_my_discounts_authenticated" time="0.284" /></testsuite></testsuites>