<?xml version="1.0" encoding="utf-8"?><testsuites name="pytest tests"><testsuite name="pytest" errors="0" failures="0" skipped="0" tests="13" time="4.732" timestamp="2026-03-23T21:42:16.412349+00:00" hostname="agent-env-0b589255-2334-4ab5-b3b7-784e4b80e8b7"><testcase classname="tests.test_image_upload_fix.TestImageUploadAuth" name="test_upload_without_auth_returns_401_or_403" time="0.490" /><testcase classname="tests.test_image_upload_fix.TestJPEGUpload" name="test_jpeg_upload_returns_200_with_url_and_filename" time="0.724" /><testcase classname="tests.test_image_upload_fix.TestPNGUpload" name="test_png_upload_returns_200" time="0.232" /><testcase classname="tests.test_image_upload_fix.TestHEICUpload" name="test_heic_upload_converts_to_jpeg_and_returns_200" time="0.342" /><testcase classname="tests.test_image_upload_fix.TestFileSizeLimit" name="test_upload_rejects_files_over_10mb" time="0.786" /><testcase classname="tests.test_image_upload_fix.TestInvalidFileType" name="test_upload_rejects_text_files" time="0.229" /><testcase classname="tests.test_image_upload_fix.TestInvalidFileType" name="test_upload_rejects_pdf_files" time="0.251" /><testcase classname="tests.test_image_upload_fix.TestInvalidFileType" name="test_upload_rejects_html_files" time="0.312" /><testcase classname="tests.test_image_upload_fix.TestUploadedFileAccessibility" name="test_uploaded_jpeg_is_accessible" time="0.331" /><testcase classname="tests.test_image_upload_fix.TestUploadedFileAccessibility" name="test_uploaded_png_is_accessible" time="0.332" /><testcase classname="tests.test_image_upload_fix.TestUploadedFileAccessibility" name="test_nonexistent_file_returns_404" time="0.110" /><testcase classname="tests.test_image_upload_fix.TestWebPAndGIFUpload" name="test_webp_upload_returns_200" time="0.293" /><testcase classname="tests.test_image_upload_fix.TestWebPAndGIFUpload" name="test_gif_upload_returns_200" time="0.221" /></testsuite></testsuites>