<?xml version="1.0" encoding="utf-8"?><testsuites name="pytest tests"><testsuite name="pytest" errors="0" failures="0" skipped="0" tests="15" time="13.656" timestamp="2026-03-16T20:46:21.018759+00:00" hostname="agent-env-829e4da6-b67c-41e5-9eaf-a7ba3daf1bf8"><testcase classname="backend.tests.test_bug_fixes_v2.TestAuthEndpoints" name="test_login_admin" time="1.214" /><testcase classname="backend.tests.test_bug_fixes_v2.TestAuthEndpoints" name="test_auth_session_invalid" time="0.280" /><testcase classname="backend.tests.test_bug_fixes_v2.TestAuthEndpoints" name="test_auth_me_requires_token" time="0.266" /><testcase classname="backend.tests.test_bug_fixes_v2.TestAuthEndpoints" name="test_auth_me_with_valid_token" time="0.889" /><testcase classname="backend.tests.test_bug_fixes_v2.TestChatEndpoints" name="test_chat_ai_endpoint" time="2.185" /><testcase classname="backend.tests.test_bug_fixes_v2.TestChatEndpoints" name="test_chat_escalate_endpoint" time="1.509" /><testcase classname="backend.tests.test_bug_fixes_v2.TestChatEndpoints" name="test_chat_history_no_duplicates" time="0.981" /><testcase classname="backend.tests.test_bug_fixes_v2.TestChatEndpoints" name="test_admin_chat_messages" time="1.076" /><testcase classname="backend.tests.test_bug_fixes_v2.TestPushNotifications" name="test_vapid_key_endpoint" time="0.142" /><testcase classname="backend.tests.test_bug_fixes_v2.TestPushNotifications" name="test_push_subscribe_requires_admin" time="0.972" /><testcase classname="backend.tests.test_bug_fixes_v2.TestAdminAccess" name="test_admin_stats" time="1.319" /><testcase classname="backend.tests.test_bug_fixes_v2.TestAdminAccess" name="test_admin_users" time="1.016" /><testcase classname="backend.tests.test_bug_fixes_v2.TestAdminAccess" name="test_admin_tickets" time="1.211" /><testcase classname="backend.tests.test_bug_fixes_v2.TestCompetitionsAPI" name="test_get_competitions" time="0.264" /><testcase classname="backend.tests.test_bug_fixes_v2.TestCompetitionsAPI" name="test_competition_types" time="0.262" /></testsuite></testsuites>