<?xml version="1.0" encoding="utf-8"?><testsuites name="pytest tests"><testsuite name="pytest" errors="0" failures="0" skipped="0" tests="20" time="20.673" timestamp="2026-03-20T17:05:51.077345+00:00" hostname="agent-env-c199da4e-946c-4e5e-996c-c01a330b3b7d"><testcase classname="backend.tests.test_image_upload_and_features.TestAuth" name="test_login_admin_success" time="2.629" /><testcase classname="backend.tests.test_image_upload_and_features.TestAuth" name="test_login_invalid_credentials" time="0.268" /><testcase classname="backend.tests.test_image_upload_and_features.TestImageUpload" name="test_upload_image_as_admin" time="0.847" /><testcase classname="backend.tests.test_image_upload_and_features.TestImageUpload" name="test_upload_image_unauthorized" time="0.141" /><testcase classname="backend.tests.test_image_upload_and_features.TestImageUpload" name="test_upload_invalid_file_type" time="0.391" /><testcase classname="backend.tests.test_image_upload_and_features.TestCompetitions" name="test_get_competitions" time="0.361" /><testcase classname="backend.tests.test_image_upload_and_features.TestCompetitions" name="test_get_competition_by_id" time="0.545" /><testcase classname="backend.tests.test_image_upload_and_features.TestCompetitions" name="test_create_competition_as_admin" time="4.404" /><testcase classname="backend.tests.test_image_upload_and_features.TestPushNotifications" name="test_get_vapid_key" time="0.195" /><testcase classname="backend.tests.test_image_upload_and_features.TestPushNotifications" name="test_subscribe_push_admin" time="0.501" /><testcase classname="backend.tests.test_image_upload_and_features.TestPushNotifications" name="test_push_status" time="0.514" /><testcase classname="backend.tests.test_image_upload_and_features.TestPushNotifications" name="test_push_test_admin" time="0.498" /><testcase classname="backend.tests.test_image_upload_and_features.TestAIChat" name="test_ai_chat" time="2.152" /><testcase classname="backend.tests.test_image_upload_and_features.TestChatEscalation" name="test_escalate_chat" time="1.003" /><testcase classname="backend.tests.test_image_upload_and_features.TestAdminChat" name="test_get_admin_chat_messages" time="0.595" /><testcase classname="backend.tests.test_image_upload_and_features.TestAdminChat" name="test_admin_chat_reply" time="2.306" /><testcase classname="backend.tests.test_image_upload_and_features.TestAdminEmail" name="test_daily_email" time="0.969" /><testcase classname="backend.tests.test_image_upload_and_features.TestWinners" name="test_get_winners" time="0.300" /><testcase classname="backend.tests.test_image_upload_and_features.TestAdminStats" name="test_admin_stats" time="0.858" /><testcase classname="backend.tests.test_image_upload_and_features.TestAdminStats" name="test_admin_analytics" time="1.128" /></testsuite></testsuites>