<?xml version="1.0" encoding="utf-8"?><testsuites name="pytest tests"><testsuite name="pytest" errors="0" failures="0" skipped="0" tests="24" time="23.595" timestamp="2026-03-20T21:20:45.104047+00:00" hostname="agent-env-bc14ce82-a6c2-4546-98e0-d37424955b23"><testcase classname="backend.tests.test_wallet_system.TestWalletUserEndpoints" name="test_get_wallet_balance" time="2.441" /><testcase classname="backend.tests.test_wallet_system.TestWalletUserEndpoints" name="test_get_wallet_transactions" time="0.964" /><testcase classname="backend.tests.test_wallet_system.TestWalletUserEndpoints" name="test_wallet_deposit_creates_checkout_url" time="2.160" /><testcase classname="backend.tests.test_wallet_system.TestWalletUserEndpoints" name="test_wallet_deposit_minimum_validation" time="0.828" /><testcase classname="backend.tests.test_wallet_system.TestWalletUserEndpoints" name="test_wallet_deposit_maximum_validation" time="0.796" /><testcase classname="backend.tests.test_wallet_system.TestWalletUserEndpoints" name="test_get_user_withdrawals" time="0.985" /><testcase classname="backend.tests.test_wallet_system.TestWalletUserEndpoints" name="test_get_bonus_info_public" time="0.684" /><testcase classname="backend.tests.test_wallet_system.TestWalletWithdrawal" name="test_withdrawal_minimum_validation" time="0.783" /><testcase classname="backend.tests.test_wallet_system.TestWalletWithdrawal" name="test_withdrawal_insufficient_balance" time="0.807" /><testcase classname="backend.tests.test_wallet_system.TestAdminWalletEndpoints" name="test_admin_get_all_withdrawals" time="0.948" /><testcase classname="backend.tests.test_wallet_system.TestAdminWalletEndpoints" name="test_admin_get_withdrawals_filtered_by_status" time="1.559" /><testcase classname="backend.tests.test_wallet_system.TestAdminWalletEndpoints" name="test_admin_get_bonus_settings" time="0.953" /><testcase classname="backend.tests.test_wallet_system.TestAdminWalletEndpoints" name="test_admin_update_bonus_settings" time="2.355" /><testcase classname="backend.tests.test_wallet_system.TestAdminWalletEndpoints" name="test_admin_get_wallet_stats" time="1.305" /><testcase classname="backend.tests.test_wallet_system.TestAdminWalletEndpoints" name="test_admin_adjust_wallet" time="2.341" /><testcase classname="backend.tests.test_wallet_system.TestAdminWalletEndpoints" name="test_admin_adjust_wallet_negative_balance_prevention" time="0.944" /><testcase classname="backend.tests.test_wallet_system.TestAdminWithdrawalApproval" name="test_admin_approve_nonexistent_withdrawal" time="0.999" /><testcase classname="backend.tests.test_wallet_system.TestAdminWithdrawalApproval" name="test_admin_reject_nonexistent_withdrawal" time="0.943" /><testcase classname="backend.tests.test_wallet_system.TestWalletAuthRequired" name="test_wallet_balance_requires_auth" time="0.117" /><testcase classname="backend.tests.test_wallet_system.TestWalletAuthRequired" name="test_wallet_transactions_requires_auth" time="0.149" /><testcase classname="backend.tests.test_wallet_system.TestWalletAuthRequired" name="test_wallet_deposit_requires_auth" time="0.111" /><testcase classname="backend.tests.test_wallet_system.TestWalletAuthRequired" name="test_wallet_withdraw_requires_auth" time="0.101" /><testcase classname="backend.tests.test_wallet_system.TestWalletAuthRequired" name="test_admin_wallet_withdrawals_requires_admin" time="0.112" /><testcase classname="backend.tests.test_wallet_system.TestWalletAuthRequired" name="test_admin_wallet_stats_requires_admin" time="0.113" /></testsuite></testsuites>