<?xml version="1.0" encoding="utf-8"?><testsuites name="pytest tests"><testsuite name="pytest" errors="0" failures="0" skipped="0" tests="8" time="7.414" timestamp="2026-03-21T17:34:25.531418+00:00" hostname="agent-env-0b589255-2334-4ab5-b3b7-784e4b80e8b7"><testcase classname="backend.tests.test_gamification_features.TestBadgeSystem" name="test_badges_endpoint_requires_auth" time="3.632" /><testcase classname="backend.tests.test_gamification_features.TestBadgeSystem" name="test_badges_endpoint_returns_all_10_badges" time="1.406" /><testcase classname="backend.tests.test_gamification_features.TestBadgeSystem" name="test_badges_earned_status" time="0.350" /><testcase classname="backend.tests.test_gamification_features.TestCompetitionsWithProgress" name="test_competitions_have_progress_data" time="0.403" /><testcase classname="backend.tests.test_gamification_features.TestCompetitionsWithProgress" name="test_competitions_have_draw_date" time="0.228" /><testcase classname="backend.tests.test_gamification_features.TestCompetitionsWithProgress" name="test_competition_detail_has_all_fields" time="0.427" /><testcase classname="backend.tests.test_gamification_features.TestReengagementEmailBot" name="test_reengagement_email_collection_exists" time="0.000" /><testcase classname="backend.tests.test_gamification_features.TestCheckAndAwardBadges" name="test_badges_update_after_activity" time="0.905" /></testsuite></testsuites>