<?xml version="1.0" encoding="utf-8"?><testsuites name="pytest tests"><testsuite name="pytest" errors="0" failures="0" skipped="0" tests="7" time="6.596" timestamp="2026-03-16T16:29:48.433337+00:00" hostname="agent-env-95f2c888-a630-4db6-b8f4-4e3593836fec"><testcase classname="backend.tests.test_bug_fixes.TestAutodrawBadge" name="test_get_competitions_types" time="0.527" /><testcase classname="backend.tests.test_bug_fixes.TestAutodrawBadge" name="test_instant_win_competitions_have_correct_type" time="0.268" /><testcase classname="backend.tests.test_bug_fixes.TestAutodrawFilter" name="test_filter_instant_wins" time="0.261" /><testcase classname="backend.tests.test_bug_fixes.TestFreeCompetitionDuplicateEntry" name="test_duplicate_free_entry_blocked" time="2.503" /><testcase classname="backend.tests.test_bug_fixes.TestAdminPageAccess" name="test_admin_login_and_access" time="2.186" /><testcase classname="backend.tests.test_bug_fixes.TestCompetitionsAPI" name="test_get_all_competitions" time="0.268" /><testcase classname="backend.tests.test_bug_fixes.TestCompetitionsAPI" name="test_get_single_competition" time="0.524" /></testsuite></testsuites>