<?xml version="1.0" encoding="utf-8"?><testsuites name="pytest tests"><testsuite name="pytest" errors="0" failures="0" skipped="0" tests="18" time="11.354" timestamp="2026-03-22T08:46:32.814744+00:00" hostname="agent-env-0b589255-2334-4ab5-b3b7-784e4b80e8b7"><testcase classname="backend.tests.test_marketing_features.TestBundleDeals" name="test_get_public_bundles" time="1.688" /><testcase classname="backend.tests.test_marketing_features.TestBundleDeals" name="test_admin_get_all_bundles" time="0.682" /><testcase classname="backend.tests.test_marketing_features.TestBundleDeals" name="test_admin_create_bundle" time="0.278" /><testcase classname="backend.tests.test_marketing_features.TestBundleDeals" name="test_admin_update_bundle" time="0.273" /><testcase classname="backend.tests.test_marketing_features.TestBundleDeals" name="test_admin_delete_bundle" time="0.273" /><testcase classname="backend.tests.test_marketing_features.TestBundleDeals" name="test_bundles_require_admin_auth" time="0.110" /><testcase classname="backend.tests.test_marketing_features.TestPushCampaigns" name="test_get_campaign_history" time="0.268" /><testcase classname="backend.tests.test_marketing_features.TestPushCampaigns" name="test_get_audience_stats" time="0.727" /><testcase classname="backend.tests.test_marketing_features.TestPushCampaigns" name="test_send_campaign" time="0.633" /><testcase classname="backend.tests.test_marketing_features.TestPushCampaigns" name="test_campaigns_require_admin_auth" time="0.219" /><testcase classname="backend.tests.test_marketing_features.TestLiveDraw" name="test_get_live_draw_status_public" time="0.155" /><testcase classname="backend.tests.test_marketing_features.TestLiveDraw" name="test_admin_set_live_draw" time="1.355" /><testcase classname="backend.tests.test_marketing_features.TestLiveDraw" name="test_live_draw_admin_auth_required" time="0.102" /><testcase classname="backend.tests.test_marketing_features.TestAdvancedAnalytics" name="test_get_advanced_analytics" time="1.581" /><testcase classname="backend.tests.test_marketing_features.TestAdvancedAnalytics" name="test_analytics_data_types" time="0.995" /><testcase classname="backend.tests.test_marketing_features.TestAdvancedAnalytics" name="test_analytics_requires_admin_auth" time="0.103" /><testcase classname="backend.tests.test_marketing_features.TestMarketingIntegration" name="test_bundles_appear_in_public_api" time="0.704" /><testcase classname="backend.tests.test_marketing_features.TestMarketingIntegration" name="test_campaign_appears_in_history" time="1.125" /></testsuite></testsuites>