<?xml version="1.0" encoding="utf-8"?><testsuites name="pytest tests"><testsuite name="pytest" errors="0" failures="0" skipped="0" tests="15" time="16.204" timestamp="2026-03-16T21:23:45.276928+00:00" hostname="agent-env-829e4da6-b67c-41e5-9eaf-a7ba3daf1bf8"><testcase classname="backend.tests.test_chat_push_fixes_v3.TestChatAndPushFixes" name="test_01_vapid_key_endpoint" time="1.590" /><testcase classname="backend.tests.test_chat_push_fixes_v3.TestChatAndPushFixes" name="test_02_push_subscribe_requires_admin" time="0.364" /><testcase classname="backend.tests.test_chat_push_fixes_v3.TestChatAndPushFixes" name="test_03_push_subscribe_admin" time="0.463" /><testcase classname="backend.tests.test_chat_push_fixes_v3.TestChatAndPushFixes" name="test_04_ai_chat_endpoint" time="2.198" /><testcase classname="backend.tests.test_chat_push_fixes_v3.TestChatAndPushFixes" name="test_05_chat_escalate" time="0.892" /><testcase classname="backend.tests.test_chat_push_fixes_v3.TestChatAndPushFixes" name="test_06_chat_message_rest_api" time="0.499" /><testcase classname="backend.tests.test_chat_push_fixes_v3.TestChatAndPushFixes" name="test_07_chat_message_faq_match" time="0.502" /><testcase classname="backend.tests.test_chat_push_fixes_v3.TestChatAndPushFixes" name="test_08_chat_history" time="0.459" /><testcase classname="backend.tests.test_chat_push_fixes_v3.TestChatAndPushFixes" name="test_09_admin_get_chat_messages" time="0.577" /><testcase classname="backend.tests.test_chat_push_fixes_v3.TestChatAndPushFixes" name="test_10_admin_chat_messages_filter" time="0.578" /><testcase classname="backend.tests.test_chat_push_fixes_v3.TestChatAndPushFixes" name="test_11_admin_reply_to_chat" time="1.525" /><testcase classname="backend.tests.test_chat_push_fixes_v3.TestChatAndPushFixes" name="test_12_user_sees_admin_reply_in_history" time="2.142" /><testcase classname="backend.tests.test_chat_push_fixes_v3.TestChatAndPushFixes" name="test_13_auth_callback_exists" time="0.157" /><testcase classname="backend.tests.test_chat_push_fixes_v3.TestChatAndPushFixes" name="test_14_chat_history_no_duplicates" time="0.922" /><testcase classname="backend.tests.test_chat_push_fixes_v3.TestChatAndPushFixes" name="test_15_admin_polling_consistency" time="3.270" /></testsuite></testsuites>