<?xml version="1.0" encoding="utf-8"?><testsuites name="pytest tests"><testsuite name="pytest" errors="0" failures="0" skipped="1" tests="21" time="33.670" timestamp="2026-03-01T23:29:54.885209+00:00" hostname="agent-env-b2a6fe6e-8f18-4830-9c0c-d7b5f66a6fa6"><testcase classname="backend.tests.test_password_reset_admin_features.TestPasswordReset" name="test_request_password_reset_valid_email" time="0.273" /><testcase classname="backend.tests.test_password_reset_admin_features.TestPasswordReset" name="test_request_password_reset_invalid_email_format" time="0.118" /><testcase classname="backend.tests.test_password_reset_admin_features.TestPasswordReset" name="test_reset_password_invalid_token" time="0.269" /><testcase classname="backend.tests.test_password_reset_admin_features.TestPasswordReset" name="test_reset_password_short_password" time="1.135" /><testcase classname="backend.tests.test_password_reset_admin_features.TestAdminUserManagement" name="test_get_all_users" time="0.932" /><testcase classname="backend.tests.test_password_reset_admin_features.TestAdminUserManagement" name="test_update_user_first_name" time="2.505" /><testcase classname="backend.tests.test_password_reset_admin_features.TestAdminUserManagement" name="test_update_user_last_name" time="2.617" /><testcase classname="backend.tests.test_password_reset_admin_features.TestAdminUserManagement" name="test_update_user_phone" time="2.671" /><testcase classname="backend.tests.test_password_reset_admin_features.TestAdminUserManagement" name="test_update_user_balance" time="2.710" /><testcase classname="backend.tests.test_password_reset_admin_features.TestAdminUserManagement" name="test_block_user" time="2.705" /><testcase classname="backend.tests.test_password_reset_admin_features.TestAdminUserManagement" name="test_blocked_user_cannot_login" time="3.508" /><testcase classname="backend.tests.test_password_reset_admin_features.TestAdminUserManagement" name="test_unblock_user" time="3.378" /><testcase classname="backend.tests.test_password_reset_admin_features.TestAdminUserManagement" name="test_update_user_password" time="3.318" /><testcase classname="backend.tests.test_password_reset_admin_features.TestAdminUserManagement" name="test_delete_user" time="2.253" /><testcase classname="backend.tests.test_password_reset_admin_features.TestAdminUserManagement" name="test_cannot_delete_admin" time="1.357" /><testcase classname="backend.tests.test_password_reset_admin_features.TestEmailBotEndpoints" name="test_send_daily_digest" time="1.080" /><testcase classname="backend.tests.test_password_reset_admin_features.TestEmailBotEndpoints" name="test_send_daily_digest_requires_admin" time="0.113" /><testcase classname="backend.tests.test_password_reset_admin_features.TestEmailBotEndpoints" name="test_notify_75_percent_invalid_competition" time="0.924" /><testcase classname="backend.tests.test_password_reset_admin_features.TestEmailBotEndpoints" name="test_notify_75_percent_valid_competition" time="0.705"><skipped type="pytest.skip" message="No competitions available">/app/backend/tests/test_password_reset_admin_features.py:386: No competitions available</skipped></testcase><testcase classname="backend.tests.test_password_reset_admin_features.TestEmailBotEndpoints" name="test_notify_75_percent_requires_admin" time="0.102" /><testcase classname="backend.tests.test_password_reset_admin_features.TestUserResponseModel" name="test_users_response_includes_blocked_status" time="0.920" /></testsuite></testsuites>