<?xml version="1.0" encoding="utf-8"?><testsuites name="pytest tests"><testsuite name="pytest" errors="0" failures="0" skipped="0" tests="15" time="9.638" timestamp="2026-03-01T13:49:52.818253+00:00" hostname="agent-env-ae3dae17-7f30-4ab1-b14a-afaa1dc769cb"><testcase classname="backend.tests.test_new_features.TestShareAPI" name="test_share_competition_valid" time="0.637" /><testcase classname="backend.tests.test_new_features.TestShareAPI" name="test_share_competition_invalid" time="0.262" /><testcase classname="backend.tests.test_new_features.TestReferralSystem" name="test_validate_referral_code_invalid" time="0.223" /><testcase classname="backend.tests.test_new_features.TestReferralSystem" name="test_validate_referral_code_valid" time="1.245" /><testcase classname="backend.tests.test_new_features.TestReferralSystem" name="test_get_my_referral_code" time="1.458" /><testcase classname="backend.tests.test_new_features.TestReferralSystem" name="test_get_my_referrals" time="1.468" /><testcase classname="backend.tests.test_new_features.TestReferralSystem" name="test_referral_code_unauthenticated" time="0.123" /><testcase classname="backend.tests.test_new_features.TestAnalyticsDashboard" name="test_analytics_endpoint_authenticated" time="2.036" /><testcase classname="backend.tests.test_new_features.TestAnalyticsDashboard" name="test_analytics_endpoint_unauthenticated" time="0.100" /><testcase classname="backend.tests.test_new_features.TestAnalyticsDashboard" name="test_analytics_endpoint_non_admin" time="0.917" /><testcase classname="backend.tests.test_new_features.TestWebSocket" name="test_websocket_endpoint_exists" time="0.102" /><testcase classname="backend.tests.test_new_features.TestAPIVersion" name="test_api_version" time="0.101" /><testcase classname="backend.tests.test_new_features.TestExistingFeatures" name="test_competitions_list" time="0.234" /><testcase classname="backend.tests.test_new_features.TestExistingFeatures" name="test_winners_list" time="0.217" /><testcase classname="backend.tests.test_new_features.TestExistingFeatures" name="test_login_admin" time="0.441" /></testsuite></testsuites>